
Showing logs for build [32mcb-kubecd-environment-pr-170-41-s68gp-1[0m stage [32mfrom-build-pack[0m and container [32mstep-credential-initializer-7zm8m[0m
{"level":"warn","ts":1583019868.3280134,"logger":"fallback-logger","caller":"logging/config.go:69","msg":"Fetch GitHub commit ID from kodata failed: \"ref: refs/heads/0.8.0-**-support-backwards-incompats\" is not a valid GitHub commit ID"}
{"level":"info","ts":1583019868.3286912,"logger":"fallback-logger","caller":"creds-init/main.go:40","msg":"Credentials initialized."}

Showing logs for build [32mcb-kubecd-environment-pr-170-41-s68gp-1[0m stage [32mfrom-build-pack[0m and container [32mstep-working-dir-initializer-22gtj[0m
{"level":"warn","ts":1583019869.4260874,"logger":"fallback-logger","caller":"logging/config.go:69","msg":"Fetch GitHub commit ID from kodata failed: open /var/run/ko/HEAD: no such file or directory"}
{"level":"info","ts":1583019869.4326587,"logger":"fallback-logger","caller":"bash/main.go:64","msg":"Successfully executed command \"sh -c mkdir -p /workspace/source\"; output "}

Showing logs for build [32mcb-kubecd-environment-pr-170-41-s68gp-1[0m stage [32mfrom-build-pack[0m and container [32mstep-place-tools[0m

Showing logs for build [32mcb-kubecd-environment-pr-170-41-s68gp-1[0m stage [32mfrom-build-pack[0m and container [32mstep-git-source-cb-kubecd-environment-pr-170-41-s68gp-cvqwn[0m
{"level":"warn","ts":1583019873.6585546,"logger":"fallback-logger","caller":"logging/config.go:69","msg":"Fetch GitHub commit ID from kodata failed: \"ref: refs/heads/0.8.0-**-support-backwards-incompats\" is not a valid GitHub commit ID"}
{"level":"info","ts":1583019874.703013,"logger":"fallback-logger","caller":"git/git.go:103","msg":"Successfully cloned https://github.com/cb-kubecd/environment-pr-170-41-boot-gke-staging.git @ master in path /workspace/source"}

Showing logs for build [32mcb-kubecd-environment-pr-170-41-s68gp-1[0m stage [32mfrom-build-pack[0m and container [32mstep-git-merge[0m
Using SHAs from PULL_REFS=master:48f360d05a0ed40881d102778ff269df5bc4bde8,7:97c0f50189de38f4796c7d8ecee276a7cf3fb960
DEBUG: LC_ALL=C JX_LOG_LEVEL=error git fetch origin --unshallow 97c0f50189de38f4796c7d8ecee276a7cf3fb960: 48f360d05a0ed40881d102778ff269df5bc4bde8:
DEBUG: ran git fetch --unshallow origin 97c0f50189de38f4796c7d8ecee276a7cf3fb960: 48f360d05a0ed40881d102778ff269df5bc4bde8: in 
DEBUG: LC_ALL=C JX_LOG_LEVEL=error git branch
DEBUG: LC_ALL=C JX_LOG_LEVEL=error git checkout master
DEBUG: ran git checkout master in 
DEBUG: LC_ALL=C JX_LOG_LEVEL=error git reset --hard 48f360d05a0ed40881d102778ff269df5bc4bde8
DEBUG: ran git reset --hard 48f360d05a0ed40881d102778ff269df5bc4bde8 in 
DEBUG: LC_ALL=C JX_LOG_LEVEL=error git clean -fd .
DEBUG: ran clean --force -d . in 
DEBUG: LC_ALL=C JX_LOG_LEVEL=error git merge 97c0f50189de38f4796c7d8ecee276a7cf3fb960
DEBUG: ran git merge 97c0f50189de38f4796c7d8ecee276a7cf3fb960 in 
DEBUG: LC_ALL=C JX_LOG_LEVEL=error git log --format=%H%x1f%an%x1f%ae%x1f%cn%x1f%ce%x1f%s%n%b%x1e 48f360d05a0ed40881d102778ff269df5bc4bde8..HEAD
Merged SHA 97c0f50189de38f4796c7d8ecee276a7cf3fb960 with commit message 'chore: Promote bdd-sbrp-import-1583018526 to version 0.0.1' into base branch master

Showing logs for build [32mcb-kubecd-environment-pr-170-41-s68gp-1[0m stage [32mfrom-build-pack[0m and container [32mstep-build-helm-build[0m
WARNING: No $CHART_REPOSITORY defined so using the default value of: http://jenkins-x-chartmuseum:8080
Adding missing Helm repo: storage.googleapis.com https://storage.googleapis.com/chartmuseum.jenkins-x.io
WARNING: No secrets found on "helm/repos" due: reading the secret "helm/repos" from vault: no secret "helm/repos" not found in vault
Read credentials for https://storage.googleapis.com/chartmuseum.jenkins-x.io from vault helm/repos
Successfully added Helm repository storage.googleapis.com.
Adding missing Helm repo: jenkins-x-chartmuseum http://jenkins-x-chartmuseum:8080
WARNING: No secrets found on "helm/repos" due: reading the secret "helm/repos" from vault: no secret "helm/repos" not found in vault
Read credentials for http://jenkins-x-chartmuseum:8080 from vault helm/repos
Successfully added Helm repository jenkins-x-chartmuseum.
WARNING: No $CHART_REPOSITORY defined so using the default value of: http://jenkins-x-chartmuseum:8080
Adding missing Helm repo: chartmuseum.jenkins-x.io http://chartmuseum.jenkins-x.io
WARNING: No secrets found on "helm/repos" due: reading the secret "helm/repos" from vault: no secret "helm/repos" not found in vault
Read credentials for http://chartmuseum.jenkins-x.io from vault helm/repos
Successfully added Helm repository chartmuseum.jenkins-x.io.
