
Showing logs for build [32mcb-kubecd-environment-pr-170-41-xd2z9-1[0m stage [32mfrom-build-pack[0m and container [32mstep-credential-initializer-wthhp[0m
{"level":"warn","ts":1583018764.0568852,"logger":"fallback-logger","caller":"logging/config.go:69","msg":"Fetch GitHub commit ID from kodata failed: \"ref: refs/heads/0.8.0-**-support-backwards-incompats\" is not a valid GitHub commit ID"}
{"level":"info","ts":1583018764.0574253,"logger":"fallback-logger","caller":"creds-init/main.go:40","msg":"Credentials initialized."}

Showing logs for build [32mcb-kubecd-environment-pr-170-41-xd2z9-1[0m stage [32mfrom-build-pack[0m and container [32mstep-working-dir-initializer-99cdf[0m
{"level":"warn","ts":1583018764.7921555,"logger":"fallback-logger","caller":"logging/config.go:69","msg":"Fetch GitHub commit ID from kodata failed: open /var/run/ko/HEAD: no such file or directory"}
{"level":"info","ts":1583018764.7939677,"logger":"fallback-logger","caller":"bash/main.go:64","msg":"Successfully executed command \"sh -c mkdir -p /workspace/source\"; output "}

Showing logs for build [32mcb-kubecd-environment-pr-170-41-xd2z9-1[0m stage [32mfrom-build-pack[0m and container [32mstep-place-tools[0m

Showing logs for build [32mcb-kubecd-environment-pr-170-41-xd2z9-1[0m stage [32mfrom-build-pack[0m and container [32mstep-git-source-cb-kubecd-environment-pr-170-41-xd2z9-9dtcw[0m
{"level":"warn","ts":1583018770.3045266,"logger":"fallback-logger","caller":"logging/config.go:69","msg":"Fetch GitHub commit ID from kodata failed: \"ref: refs/heads/0.8.0-**-support-backwards-incompats\" is not a valid GitHub commit ID"}
{"level":"info","ts":1583018771.4881313,"logger":"fallback-logger","caller":"git/git.go:103","msg":"Successfully cloned https://github.com/cb-kubecd/environment-pr-170-41-boot-gke-staging.git @ master in path /workspace/source"}

Showing logs for build [32mcb-kubecd-environment-pr-170-41-xd2z9-1[0m stage [32mfrom-build-pack[0m and container [32mstep-git-merge[0m
Using SHAs from PULL_REFS=master:4fb7d25bb0c9fc0167184402eb4e828ba565c5cc,5:b4c96c8633c3c609477930e696855c5d6c2e4a4c
DEBUG: LC_ALL=C JX_LOG_LEVEL=error git fetch origin --unshallow b4c96c8633c3c609477930e696855c5d6c2e4a4c: 4fb7d25bb0c9fc0167184402eb4e828ba565c5cc:
DEBUG: ran git fetch --unshallow origin b4c96c8633c3c609477930e696855c5d6c2e4a4c: 4fb7d25bb0c9fc0167184402eb4e828ba565c5cc: in 
DEBUG: LC_ALL=C JX_LOG_LEVEL=error git branch
DEBUG: LC_ALL=C JX_LOG_LEVEL=error git checkout master
DEBUG: ran git checkout master in 
DEBUG: LC_ALL=C JX_LOG_LEVEL=error git reset --hard 4fb7d25bb0c9fc0167184402eb4e828ba565c5cc
DEBUG: ran git reset --hard 4fb7d25bb0c9fc0167184402eb4e828ba565c5cc in 
DEBUG: LC_ALL=C JX_LOG_LEVEL=error git clean -fd .
DEBUG: ran clean --force -d . in 
DEBUG: LC_ALL=C JX_LOG_LEVEL=error git merge b4c96c8633c3c609477930e696855c5d6c2e4a4c
DEBUG: ran git merge b4c96c8633c3c609477930e696855c5d6c2e4a4c in 
DEBUG: LC_ALL=C JX_LOG_LEVEL=error git log --format=%H%x1f%an%x1f%ae%x1f%cn%x1f%ce%x1f%s%n%b%x1e 4fb7d25bb0c9fc0167184402eb4e828ba565c5cc..HEAD
Merged SHA b4c96c8633c3c609477930e696855c5d6c2e4a4c with commit message 'chore: Promote bdd-sbhg-import-1583018526 to version 0.0.1' into base branch master

Showing logs for build [32mcb-kubecd-environment-pr-170-41-xd2z9-1[0m stage [32mfrom-build-pack[0m and container [32mstep-build-helm-build[0m
WARNING: No $CHART_REPOSITORY defined so using the default value of: http://jenkins-x-chartmuseum:8080
Adding missing Helm repo: storage.googleapis.com https://storage.googleapis.com/chartmuseum.jenkins-x.io
WARNING: No secrets found on "helm/repos" due: reading the secret "helm/repos" from vault: no secret "helm/repos" not found in vault
Read credentials for https://storage.googleapis.com/chartmuseum.jenkins-x.io from vault helm/repos
Successfully added Helm repository storage.googleapis.com.
Adding missing Helm repo: jenkins-x-chartmuseum http://jenkins-x-chartmuseum:8080
WARNING: No secrets found on "helm/repos" due: reading the secret "helm/repos" from vault: no secret "helm/repos" not found in vault
Read credentials for http://jenkins-x-chartmuseum:8080 from vault helm/repos
Successfully added Helm repository jenkins-x-chartmuseum.
WARNING: No $CHART_REPOSITORY defined so using the default value of: http://jenkins-x-chartmuseum:8080
Adding missing Helm repo: chartmuseum.jenkins-x.io http://chartmuseum.jenkins-x.io
WARNING: No secrets found on "helm/repos" due: reading the secret "helm/repos" from vault: no secret "helm/repos" not found in vault
Read credentials for http://chartmuseum.jenkins-x.io from vault helm/repos
Successfully added Helm repository chartmuseum.jenkins-x.io.
